#KLININF: OPCIONES---------------------------------------------
#KLIN: nombre="actualizar" logo="actualizar" tipo="opciones" url="/actualizar"
#KLIN: nombre="borrar cache" logo="borrarcache" tipo="opciones" url="/borrarcache"
#KLININF: OPCIONES---------------------------------------------

#KLININF: NACIONAL---------------------------------------------
#KLIN: nombre="Canal +" logo="nacional/canal1" tipo="nacional" url="https://telecorporacion.cdn.vustreams.com/live/19b307cf-3f2d-44cb-bce6-0fd65365c56a/live.isml/.m3u8"
#KLIN: nombre="Canal 2" logo="nacional/canal2" tipo="nacional" url="https://telecorporacion.cdn.vustreams.com/live/d3e259fa-736d-46b0-b1c9-71caf946ace9/live.isml/.m3u8"
#KLIN: nombre="Canal 3" logo="nacional/canal3" tipo="nacional" url="https://cloud2.streaminglivehd.com:1936/8048/8048/playlist.m3u8"
#KLIN: nombre="Canal 4" logo="nacional/canal4" tipo="nacional" url="https://telecorporacion.cdn.vustreams.com/live/ed89f096-00b1-4d6e-806a-ad9064a603e3/live.isml/.m3u8"
#KLIN: nombre="Canal 5" logo="nacional/canal5" tipo="nacional" url="https://cdn.elsalvadordigital.com:1936/wotvw/smil:wotvw.smil/playlist.m3u8"
#KLIN: nombre="Canal 6" logo="nacional/canal6" tipo="nacional" url="https://telecorporacion.cdn.vustreams.com/live/b164ebe7-decf-4a5a-8aea-5bb56fb92dfc/live.isml/.m3u8"
#KLIN: nombre="Canal 7" logo="nacional/canal7" tipo="nacional" url="https://cdn.elsalvadordigital.com:1936/wotvw/smil:wotvw.smil/playlist.m3u8"
#KLIN: nombre="Canal 8" logo="nacional/canal8" tipo="nacional" url="http://201.247.102.189/tmp_hls/stream/index.m3u8"
#KLIN: nombre="Canal 9" logo="nacional/canal9" tipo="nacional" url="https://streaming.asamblea.gob.sv/hls/plenariahd.m3u8"
#KLIN: nombre="Canal 10" logo="nacional/canal10" tipo="nacional" url="https://5ca3e84a76d30.streamlock.net:443/tves/videotves/playlist.m3u8"
#KLIN: nombre="Canal 11" logo="nacional/canal11" tipo="nacional" url="https://stream.giostreaming.net:19360/canal11/canal11.m3u8"
#KLIN: nombre="Canal 12" logo="nacional/nacional/canal12" tipo="nacional" url="https://live.airstream.run/alba-sv-c12-c12/original.m3u8"
#KLIN: nombre="Canal 19" logo="nacional/canal19" tipo="nacional" url="https://mgv-channel19.akamaized.net/hls/live/2093190/MGV_CHANNEL19/master.m3u8"
#KLIN: nombre="Canal 21" logo="nacional/canal21" tipo="nacional" url="https://mgv-channel21.akamaized.net/hls/live/2093191/MGV_CHANNEL21/master.m3u8"
#KLIN: nombre="Canal 25" logo="nacional/canal25" tipo="nacional" url="https://5d32e2b9b7eed.streamlock.net:4443/ectv/ectv/playlist.m3u8"
#KLIN: nombre="Canal 26" logo="nacional/canal26" tipo="nacional" url="https://serversv.com:8080/hls/tvgetsemani.m3u8"
#KLININF: NACIONAL---------------------------------------------

#KLININF: MOVIES VIEJO OESTE---------------------------------------------
#KLININF: MOVIES VIEJO OESTE---------------------------------------------

#KLININF: MOVIES GUERRA---------------------------------------------
#KLININF: MOVIES GUERRA---------------------------------------------

#KLININF: MOVIES DOCUMENTAL---------------------------------------------
#KLININF: MOVIES DOCUMENTAL---------------------------------------------

#KLININF: MOVIES HORROR---------------------------------------------
#KLININF: MOVIES HORROR---------------------------------------------

#KLININF: MOVIES FICCION---------------------------------------------
#KLININF: MOVIES FICCION---------------------------------------------

#KLININF: MOVIES ANIME---------------------------------------------
#KLININF: MOVIES ANIME---------------------------------------------

#KLININF: MOVIES BABY---------------------------------------------
#KLININF: MOVIES BABY---------------------------------------------

#KLININF: MOVIES FAMILIAR---------------------------------------------
#KLININF: MOVIES FAMILIAR---------------------------------------------

#KLININF: MOVIES DRAMA---------------------------------------------
#KLININF: MOVIES DRAMA---------------------------------------------

#KLININF: MOVIES MUSICAL---------------------------------------------
#KLININF: MOVIES MUSICAL---------------------------------------------
